<?xml version="1.0" encoding="UTF-8"?>
<testng-results total="2" passed="2" failed="0" skipped="0">
  <reporter-output>
  </reporter-output>
  <suite started-at="2022-04-16T14:40:41Z" name="Default suite" finished-at="2022-04-16T14:40:52Z" duration-ms="10561">
    <groups>
    </groups>
    <test started-at="2022-04-16T14:40:41Z" name="Default test" finished-at="2022-04-16T14:40:52Z" duration-ms="10561">
      <class name="com.crm.qa.testcases.LoginPageTest">
        <test-method is-config="true" signature="SetUp()[pri:0, instance:com.crm.qa.testcases.LoginPageTest@6676f6a0]" started-at="2022-04-16T20:10:41Z" name="SetUp" finished-at="2022-04-16T20:10:47Z" duration-ms="5364" status="PASS">
          <reporter-output>
          </reporter-output>
        </test-method> <!-- SetUp -->
        <test-method signature="logintoPage()[pri:0, instance:com.crm.qa.testcases.LoginPageTest@6676f6a0]" started-at="2022-04-16T20:10:47Z" name="logintoPage" finished-at="2022-04-16T20:10:47Z" duration-ms="455" status="PASS">
          <reporter-output>
          </reporter-output>
        </test-method> <!-- logintoPage -->
        <test-method is-config="true" signature="TearDown()[pri:0, instance:com.crm.qa.testcases.LoginPageTest@6676f6a0]" started-at="2022-04-16T20:10:47Z" name="TearDown" finished-at="2022-04-16T20:10:47Z" duration-ms="406" status="PASS">
          <reporter-output>
          </reporter-output>
        </test-method> <!-- TearDown -->
        <test-method is-config="true" signature="SetUp()[pri:0, instance:com.crm.qa.testcases.LoginPageTest@6676f6a0]" started-at="2022-04-16T20:10:47Z" name="SetUp" finished-at="2022-04-16T20:10:51Z" duration-ms="3930" status="PASS">
          <reporter-output>
          </reporter-output>
        </test-method> <!-- SetUp -->
        <test-method signature="LoginPageTitleTest()[pri:0, instance:com.crm.qa.testcases.LoginPageTest@6676f6a0]" started-at="2022-04-16T20:10:51Z" name="LoginPageTitleTest" finished-at="2022-04-16T20:10:51Z" duration-ms="7" status="PASS">
          <reporter-output>
          </reporter-output>
        </test-method> <!-- LoginPageTitleTest -->
        <test-method is-config="true" signature="TearDown()[pri:0, instance:com.crm.qa.testcases.LoginPageTest@6676f6a0]" started-at="2022-04-16T20:10:51Z" name="TearDown" finished-at="2022-04-16T20:10:52Z" duration-ms="375" status="PASS">
          <reporter-output>
          </reporter-output>
        </test-method> <!-- TearDown -->
      </class> <!-- com.crm.qa.testcases.LoginPageTest -->
    </test> <!-- Default test -->
  </suite> <!-- Default suite -->
</testng-results>
